[2024-08-15T17:39:35.134+0000] {local_task_job_runner.py:120} INFO - ::group::Pre task execution logs
[2024-08-15T17:39:35.186+0000] {taskinstance.py:2076} INFO - Dependencies all met for dep_context=non-requeueable deps ti=<TaskInstance: csv_to_postgres.csv_to_stg manual__2024-08-15T17:39:31.373420+00:00 [queued]>
[2024-08-15T17:39:35.204+0000] {taskinstance.py:2076} INFO - Dependencies all met for dep_context=requeueable deps ti=<TaskInstance: csv_to_postgres.csv_to_stg manual__2024-08-15T17:39:31.373420+00:00 [queued]>
[2024-08-15T17:39:35.205+0000] {taskinstance.py:2306} INFO - Starting attempt 1 of 1
[2024-08-15T17:39:35.231+0000] {taskinstance.py:2330} INFO - Executing <Task(PythonOperator): csv_to_stg> on 2024-08-15 17:39:31.373420+00:00
[2024-08-15T17:39:35.240+0000] {warnings.py:112} WARNING - /home/***/.local/lib/python3.12/site-packages/***/task/task_runner/standard_task_runner.py:62: DeprecationWarning: This process (pid=315) is multi-threaded, use of fork() may lead to deadlocks in the child.
  pid = os.fork()

[2024-08-15T17:39:35.242+0000] {standard_task_runner.py:64} INFO - Started process 317 to run task
[2024-08-15T17:39:35.243+0000] {standard_task_runner.py:90} INFO - Running: ['***', 'tasks', 'run', 'csv_to_postgres', 'csv_to_stg', 'manual__2024-08-15T17:39:31.373420+00:00', '--job-id', '36', '--raw', '--subdir', 'DAGS_FOLDER/main.py', '--cfg-path', '/tmp/tmpcth26fbw']
[2024-08-15T17:39:35.245+0000] {standard_task_runner.py:91} INFO - Job 36: Subtask csv_to_stg
[2024-08-15T17:39:35.326+0000] {task_command.py:426} INFO - Running <TaskInstance: csv_to_postgres.csv_to_stg manual__2024-08-15T17:39:31.373420+00:00 [running]> on host aa3ef9d15753
[2024-08-15T17:39:35.535+0000] {taskinstance.py:2648} INFO - Exporting env vars: AIRFLOW_CTX_DAG_OWNER='gena' AIRFLOW_CTX_DAG_ID='csv_to_postgres' AIRFLOW_CTX_TASK_ID='csv_to_stg' AIRFLOW_CTX_EXECUTION_DATE='2024-08-15T17:39:31.373420+00:00' AIRFLOW_CTX_TRY_NUMBER='1' AIRFLOW_CTX_DAG_RUN_ID='manual__2024-08-15T17:39:31.373420+00:00'
[2024-08-15T17:39:35.538+0000] {taskinstance.py:430} INFO - ::endgroup::
[2024-08-15T17:39:35.561+0000] {base.py:84} INFO - Using connection ID 'db' for task execution.
[2024-08-15T17:39:35.697+0000] {logging_mixin.py:188} INFO - Data from /opt/***/source_data/платформы.csv loaded into платформы.
[2024-08-15T17:39:35.822+0000] {logging_mixin.py:188} INFO - Data from /opt/***/source_data/сотрудники.csv loaded into сотрудники.
[2024-08-15T17:39:35.840+0000] {logging_mixin.py:188} INFO - Data from /opt/***/source_data/отрасли.csv loaded into отрасли.
[2024-08-15T17:39:35.856+0000] {logging_mixin.py:188} INFO - Data from /opt/***/source_data/уровни_владения_ин_я.csv loaded into уровни_владения_ин_я.
[2024-08-15T17:39:35.890+0000] {logging_mixin.py:188} INFO - Data from /opt/***/source_data/фреймворки.csv loaded into фреймворки.
[2024-08-15T17:39:35.952+0000] {logging_mixin.py:188} INFO - Data from /opt/***/source_data/опыт_сотрудника_в_предметных_областях.csv loaded into опыт_сотрудника_в_предметных_областях.
[2024-08-15T17:39:35.967+0000] {logging_mixin.py:188} INFO - Data from /opt/***/source_data/уровни_знаний_в_предметной_област.csv loaded into уровни_знаний_в_предметной_област.
[2024-08-15T17:39:35.984+0000] {logging_mixin.py:188} INFO - Data from /opt/***/source_data/языки_программирования.csv loaded into языки_программирования.
[2024-08-15T17:39:36.407+0000] {logging_mixin.py:188} INFO - Data from /opt/***/source_data/образование_пользователей.csv loaded into образование_пользователей.
[2024-08-15T17:39:36.437+0000] {logging_mixin.py:188} INFO - Data from /opt/***/source_data/фреймворки_и_уровень_знаний_сотрудников.csv loaded into фреймворки_и_уровень_знаний_сотрудников.
[2024-08-15T17:39:36.455+0000] {logging_mixin.py:188} INFO - Data from /opt/***/source_data/уровень_образования.csv loaded into уровень_образования.
[2024-08-15T17:39:36.474+0000] {logging_mixin.py:188} INFO - Data from /opt/***/source_data/среды_разработки.csv loaded into среды_разработки.
[2024-08-15T17:39:36.636+0000] {logging_mixin.py:188} INFO - Data from /opt/***/source_data/инструменты_и_уровень_знаний_сотрудника.csv loaded into инструменты_и_уровень_знаний_сотрудника.
[2024-08-15T17:39:36.662+0000] {logging_mixin.py:188} INFO - Data from /opt/***/source_data/среды_разработки_и_уровень_знаний.csv loaded into среды_разработки_и_уровень_знаний.
[2024-08-15T17:39:36.697+0000] {logging_mixin.py:188} INFO - Data from /opt/***/source_data/опыт_сотрудника_в_отраслях.csv loaded into опыт_сотрудника_в_отраслях.
[2024-08-15T17:39:36.710+0000] {logging_mixin.py:188} INFO - Data from /opt/***/source_data/типы_систем.csv loaded into типы_систем.
[2024-08-15T17:39:36.731+0000] {logging_mixin.py:188} INFO - Data from /opt/***/source_data/технологии.csv loaded into технологии.
[2024-08-15T17:39:36.905+0000] {logging_mixin.py:188} INFO - Data from /opt/***/source_data/платформы_и_уровень_знаний_сотрудника.csv loaded into платформы_и_уровень_знаний_сотрудника.
[2024-08-15T17:39:36.925+0000] {logging_mixin.py:188} INFO - Data from /opt/***/source_data/уровни_знаний.csv loaded into уровни_знаний.
[2024-08-15T17:39:36.945+0000] {logging_mixin.py:188} INFO - Data from /opt/***/source_data/базы_данных.csv loaded into базы_данных.
[2024-08-15T17:39:36.967+0000] {logging_mixin.py:188} INFO - Data from /opt/***/source_data/предметная_область.csv loaded into предметная_область.
[2024-08-15T17:39:36.986+0000] {logging_mixin.py:188} INFO - Data from /opt/***/source_data/инструменты.csv loaded into инструменты.
[2024-08-15T17:39:37.011+0000] {logging_mixin.py:188} INFO - Data from /opt/***/source_data/типы_систем_и_уровень_знаний_сотрудников.csv loaded into типы_систем_и_уровень_знаний_сотрудников.
[2024-08-15T17:39:37.023+0000] {logging_mixin.py:188} INFO - Data from /opt/***/source_data/уровни_знаний_в_отрасли.csv loaded into уровни_знаний_в_отрасли.
[2024-08-15T17:39:37.064+0000] {logging_mixin.py:188} INFO - Data from /opt/***/source_data/базы_данных_и_уровень_знаний_сотрудника.csv loaded into базы_данных_и_уровень_знаний_сотрудника.
[2024-08-15T17:39:37.177+0000] {logging_mixin.py:188} INFO - Data from /opt/***/source_data/сертификаты_пользователей.csv loaded into сертификаты_пользователей.
[2024-08-15T17:39:37.355+0000] {logging_mixin.py:188} INFO - Data from /opt/***/source_data/технологии_и_уровень_знаний_сотрудников.csv loaded into технологии_и_уровень_знаний_сотрудников.
[2024-08-15T17:39:37.490+0000] {logging_mixin.py:188} INFO - Data from /opt/***/source_data/языки_программирования_и_уровень.csv loaded into языки_программирования_и_уровень.
[2024-08-15T17:39:37.518+0000] {logging_mixin.py:188} INFO - Data from /opt/***/source_data/языки.csv loaded into языки.
[2024-08-15T17:39:37.522+0000] {python.py:237} INFO - Done. Returned value was: None
[2024-08-15T17:39:37.525+0000] {taskinstance.py:441} INFO - ::group::Post task execution logs
[2024-08-15T17:39:37.558+0000] {taskinstance.py:1206} INFO - Marking task as SUCCESS. dag_id=csv_to_postgres, task_id=csv_to_stg, run_id=manual__2024-08-15T17:39:31.373420+00:00, execution_date=20240815T173931, start_date=20240815T173935, end_date=20240815T173937
[2024-08-15T17:39:37.639+0000] {local_task_job_runner.py:243} INFO - Task exited with return code 0
[2024-08-15T17:39:37.696+0000] {taskinstance.py:3503} INFO - 0 downstream tasks scheduled from follow-on schedule check
[2024-08-15T17:39:37.701+0000] {local_task_job_runner.py:222} INFO - ::endgroup::
